[Fri Mar 28 19:37:14 EDT 2014]: Peer [peer_ID 1002] is connected from Peer [peer_ID 1001].
[Fri Mar 28 19:37:14 EDT 2014]: Peer [peer_ID 1002] is choked by [peer_ID 1001].
[Fri Mar 28 19:37:14 EDT 2014]: Peer [peer_ID 1002] is unchoked by [peer_ID 1001].
[Fri Mar 28 19:37:14 EDT 2014]: Peer [peer_ID 1002] received an 'interested' message from [peer_ID 1001].
[Fri Mar 28 19:37:14 EDT 2014]: Peer [peer_ID 1002] received a 'not interested' message from [peer_ID 1001].
[Fri Mar 28 19:37:14 EDT 2014]: Peer [peer_ID 1002] received a bitfield message from [peer_ID 1001].
[Fri Mar 28 19:40:55 EDT 2014]: Peer [peer_ID 1002] is connected from Peer [peer_ID 1001].
[Fri Mar 28 19:40:55 EDT 2014]: Peer [peer_ID 1002] is choked by [peer_ID 1001].
[Fri Mar 28 19:40:55 EDT 2014]: Peer [peer_ID 1002] is unchoked by [peer_ID 1001].
[Fri Mar 28 19:40:55 EDT 2014]: Peer [peer_ID 1002] received an 'interested' message from [peer_ID 1001].
[Fri Mar 28 19:40:55 EDT 2014]: Peer [peer_ID 1002] received a 'not interested' message from [peer_ID 1001].
[Fri Mar 28 19:40:55 EDT 2014]: Peer [peer_ID 1002] received a bitfield message from [peer_ID 1001].
[Fri Mar 28 20:20:12 EDT 2014]: Peer [peer_ID 1002] is connected from Peer [peer_ID 1001].
[Fri Mar 28 20:20:12 EDT 2014]: Peer [peer_ID 1002] is choked by [peer_ID 1001].
[Fri Mar 28 20:20:12 EDT 2014]: Peer [peer_ID 1002] is unchoked by [peer_ID 1001].
[Fri Mar 28 20:20:12 EDT 2014]: Peer [peer_ID 1002] received an 'interested' message from [peer_ID 1001].
[Fri Mar 28 20:20:12 EDT 2014]: Peer [peer_ID 1002] received a 'not interested' message from [peer_ID 1001].
[Fri Mar 28 20:20:12 EDT 2014]: Peer [peer_ID 1002] received a bitfield message from [peer_ID 1001].
[Fri Mar 28 20:20:57 EDT 2014]: Peer [peer_ID 1002] is connected from Peer [peer_ID 1001].
[Fri Mar 28 20:20:57 EDT 2014]: Peer [peer_ID 1002] is choked by [peer_ID 1001].
[Fri Mar 28 20:20:57 EDT 2014]: Peer [peer_ID 1002] is unchoked by [peer_ID 1001].
[Fri Mar 28 20:20:57 EDT 2014]: Peer [peer_ID 1002] received an 'interested' message from [peer_ID 1001].
[Fri Mar 28 20:20:57 EDT 2014]: Peer [peer_ID 1002] received a 'not interested' message from [peer_ID 1001].
[Fri Mar 28 20:20:57 EDT 2014]: Peer [peer_ID 1002] received a bitfield message from [peer_ID 1001].
[Fri Mar 28 20:20:57 EDT 2014]: Peer [peer_ID 1002] received a request message from [peer_ID 1001].
[Fri Mar 28 20:21:39 EDT 2014]: Peer [peer_ID 1002] is connected from Peer [peer_ID 1001].
[Fri Mar 28 20:21:39 EDT 2014]: Peer [peer_ID 1002] is choked by [peer_ID 1001].
[Fri Mar 28 20:21:39 EDT 2014]: Peer [peer_ID 1002] is unchoked by [peer_ID 1001].
[Fri Mar 28 20:21:39 EDT 2014]: Peer [peer_ID 1002] received an 'interested' message from [peer_ID 1001].
[Fri Mar 28 20:21:39 EDT 2014]: Peer [peer_ID 1002] received a 'not interested' message from [peer_ID 1001].
[Fri Mar 28 20:21:39 EDT 2014]: Peer [peer_ID 1002] received a bitfield message from [peer_ID 1001].
[Fri Mar 28 20:21:39 EDT 2014]: Peer [peer_ID 1002] received a request message from [peer_ID 1001].
[Fri Mar 28 20:26:01 EDT 2014]: Peer [peer_ID 1002] is connected from Peer [peer_ID 1001].
[Fri Mar 28 20:26:01 EDT 2014]: Peer [peer_ID 1002] is choked by [peer_ID 1001].
[Fri Mar 28 20:26:01 EDT 2014]: Peer [peer_ID 1002] is unchoked by [peer_ID 1001].
[Fri Mar 28 20:26:01 EDT 2014]: Peer [peer_ID 1002] received an 'interested' message from [peer_ID 1001].
[Fri Mar 28 20:26:01 EDT 2014]: Peer [peer_ID 1002] received a 'not interested' message from [peer_ID 1001].
[Fri Mar 28 20:26:01 EDT 2014]: Peer [peer_ID 1002] received a bitfield message from [peer_ID 1001].
[Fri Mar 28 20:26:01 EDT 2014]: Peer [peer_ID 1002] received a request message from [peer_ID 1001].
[Fri Mar 28 20:27:48 EDT 2014]: Peer [peer_ID 1002] is connected from Peer [peer_ID 1001].
[Fri Mar 28 20:27:48 EDT 2014]: Peer [peer_ID 1002] is choked by [peer_ID 1001].
[Fri Mar 28 20:27:48 EDT 2014]: Peer [peer_ID 1002] is unchoked by [peer_ID 1001].
[Fri Mar 28 20:27:48 EDT 2014]: Peer [peer_ID 1002] received an 'interested' message from [peer_ID 1001].
[Fri Mar 28 20:27:48 EDT 2014]: Peer [peer_ID 1002] received a 'not interested' message from [peer_ID 1001].
[Fri Mar 28 20:27:48 EDT 2014]: Peer [peer_ID 1002] received a bitfield message from [peer_ID 1001].
[Fri Mar 28 20:27:48 EDT 2014]: Peer [peer_ID 1002] received a request message from [peer_ID 1001].
